[INFO] Scanning for projects...
[INFO] 
[INFO] --------------------< pt.tecnico.ulisboa:depchain >---------------------
[INFO] Building depchain 1.0-SNAPSHOT
[INFO]   from pom.xml
[INFO] --------------------------------[ jar ]---------------------------------
[INFO] 
[INFO] --- exec:3.5.0:java (default-cli) @ depchain ---
[LOG] Setting up node 0
|_Node.java::155::pt.tecnico.ulisboa.Node.main()

[LOG] Reading private key from: src/main/java/pt/tecnico/ulisboa/keys/priv00.key
|_Node.java::209::pt.tecnico.ulisboa.Node.main()

[LOG] Reading public keys from: /home/DuarteSJ/Tecnico/sec/depchain/depchain/src/main/java/pt/tecnico/ulisboa/keys
|_Node.java::240::pt.tecnico.ulisboa.Node.main()

[LOG] Reading public key from: src/main/java/pt/tecnico/ulisboa/keys/pub01.key
|_Node.java::251::pt.tecnico.ulisboa.Node.main()

[LOG] Reading public key from: src/main/java/pt/tecnico/ulisboa/keys/pub04.key
|_Node.java::251::pt.tecnico.ulisboa.Node.main()

[LOG] Reading public key from: src/main/java/pt/tecnico/ulisboa/keys/pub00.key
|_Node.java::251::pt.tecnico.ulisboa.Node.main()

[LOG] Reading public key from: src/main/java/pt/tecnico/ulisboa/keys/pub03.key
|_Node.java::251::pt.tecnico.ulisboa.Node.main()

[LOG] Reading public key from: src/main/java/pt/tecnico/ulisboa/keys/pub02.key
|_Node.java::251::pt.tecnico.ulisboa.Node.main()

[LOG] Creating shared socket - IP: 127.0.0.1 Port: 8080
|_AplManager.java::34::pt.tecnico.ulisboa.Node.main()

[LOG] Creating APL for destination node 1
|_Node.java::183::pt.tecnico.ulisboa.Node.main()

[LOG] Creating APL for destination node 127.0.0.1:8081
|_Node.java::188::pt.tecnico.ulisboa.Node.main()

[LOG] APL created for destination node 1
|_Node.java::192::pt.tecnico.ulisboa.Node.main()

[LOG] Creating APL for destination node 2
|_Node.java::183::pt.tecnico.ulisboa.Node.main()

[LOG] Creating APL for destination node 127.0.0.1:8082
|_Node.java::188::pt.tecnico.ulisboa.Node.main()

[LOG] APL created for destination node 2
|_Node.java::192::pt.tecnico.ulisboa.Node.main()

[LOG] Creating APL for destination node 3
|_Node.java::183::pt.tecnico.ulisboa.Node.main()

[LOG] Creating APL for destination node 127.0.0.1:8083
|_Node.java::188::pt.tecnico.ulisboa.Node.main()

[LOG] APL created for destination node 3
|_Node.java::192::pt.tecnico.ulisboa.Node.main()

[LOG] Creating shared socket - IP: 127.0.0.1 Port: 9090
|_AplManager.java::34::pt.tecnico.ulisboa.Node.main()

[LOG] ClientAplManager: 127.0.0.1:9090
|_ClientAplManager.java::26::pt.tecnico.ulisboa.Node.main()

[LOG] Node setup complete
|_Node.java::200::pt.tecnico.ulisboa.Node.main()

[DEBUG] Waiting for work
|_BFTConsensus.java::73::BFT-Consensus-Thread

[LOG] Received packet from unknown sender: 127.0.0.1:10009.
|_AplManager.java::160::Thread-3

[LOG] Creating an apl instance for the new unknown sender.
|_ClientAplManager.java::32::Thread-3

[LOG] Processing message from destination
|_APLImpl.java::201::Thread-3

[LOG] -1) Received message: KEY, 1}
|_APLImpl.java::206::Thread-3

[LOG] Received key message
|_APLImpl.java::236::Thread-3

[LOG] Received key: javax.crypto.spec.SecretKeySpec@87a064cf
|_APLImpl.java::247::Thread-3

[LOG] Sending ACK for message: 1
|_APLImpl.java::361::Thread-3

[LOG] Received packet from sender ID: -1
|_AplManager.java::173::Thread-3

[LOG] Processing message from destination
|_APLImpl.java::201::Thread-3

[LOG] -1) Received message: DT{RegisterReq{pt.tecnico.ulisboa.protocol.RegisterReq@20f59d78}}, 2}
|_APLImpl.java::206::Thread-3

[LOG] Sending ACK for message: 2
|_APLImpl.java::361::Thread-3

[LOG] Received packet from sender ID: -1
|_AplManager.java::173::Thread-3

[LOG] Processing message from destination
|_APLImpl.java::201::Thread-3

[LOG] -1) Received message: DT{AppendReq{(a, -1, 1)}}, 3}
|_APLImpl.java::206::Thread-3

[LOG] Sending ACK for message: 3
|_APLImpl.java::361::Thread-3

[LOG] Valid signature for message: 1
|_NodeMessageHandler.java::71::Thread-3

[DEBUG] New transaction detected
|_BFTConsensus.java::65::pool-1-thread-4

[LOG] Peeking received tx
|_Node.java::322::BFT-Consensus-Thread

[LOG] Peeked value: (a, -1, 1)
|_Node.java::324::BFT-Consensus-Thread

[LOG] Returning value: (a, -1, 1)
|_Node.java::338::BFT-Consensus-Thread

[LOG] Creating epoch consensus
|_EpochConsensus.java::63::BFT-Consensus-Thread

[DEBUG] Starting consensus for epoch 0 with value (a, -1, 1)
|_BFTConsensus.java::86::BFT-Consensus-Thread

[LOG] Starting epoch
|_EpochConsensus.java::103::BFT-Consensus-Thread

[LOG] Sending to all: READ
|_EpochConsensus.java::343::BFT-Consensus-Thread

[LOG] Getting or generating secret key
|_APLImpl.java::436::BFT-Consensus-Thread

[LOG] Generating new secret key
|_APLImpl.java::439::BFT-Consensus-Thread

[LOG] Port: 8081 Next seqnum: 2
|_APLImpl.java::458::BFT-Consensus-Thread

[LOG] Sending key: javax.crypto.spec.SecretKeySpec@87a064cf
|_APLImpl.java::463::BFT-Consensus-Thread

[LOG] Port: 8081 Next seqnum: 3
|_APLImpl.java::132::BFT-Consensus-Thread

[LOG] 8081) Sending message: 2
|_APLImpl.java::142::BFT-Consensus-Thread

[LOG] Getting or generating secret key
|_APLImpl.java::436::BFT-Consensus-Thread

[LOG] Generating new secret key
|_APLImpl.java::439::BFT-Consensus-Thread

[LOG] Port: 8082 Next seqnum: 2
|_APLImpl.java::458::BFT-Consensus-Thread

[LOG] Sending key: javax.crypto.spec.SecretKeySpec@87a064cf
|_APLImpl.java::463::BFT-Consensus-Thread

[LOG] Port: 8082 Next seqnum: 3
|_APLImpl.java::132::BFT-Consensus-Thread

[LOG] 8082) Sending message: 2
|_APLImpl.java::142::BFT-Consensus-Thread

[LOG] Getting or generating secret key
|_APLImpl.java::436::BFT-Consensus-Thread

[LOG] Generating new secret key
|_APLImpl.java::439::BFT-Consensus-Thread

[LOG] Port: 8083 Next seqnum: 2
|_APLImpl.java::458::BFT-Consensus-Thread

[LOG] Sending key: javax.crypto.spec.SecretKeySpec@87a064cf
|_APLImpl.java::463::BFT-Consensus-Thread

[LOG] Port: 8083 Next seqnum: 3
|_APLImpl.java::132::BFT-Consensus-Thread

[LOG] 8083) Sending message: 2
|_APLImpl.java::142::BFT-Consensus-Thread

[LOG] send READs done
|_EpochConsensus.java::120::BFT-Consensus-Thread

[DEBUG] Task 1 started
|_EpochConsensus.java::369::BFT-Consensus-Thread

[DEBUG] Task 2 started
|_EpochConsensus.java::369::BFT-Consensus-Thread

[DEBUG] Task 3 started
|_EpochConsensus.java::369::BFT-Consensus-Thread

[LOG] Waiting for all tasks to finish
|_EpochConsensus.java::372::BFT-Consensus-Thread

[LOG] Received packet from sender ID: 2
|_AplManager.java::173::Thread-2

[LOG] Processing message from destination
|_APLImpl.java::201::Thread-2

[LOG] 2) Received message: ACK, 1}
|_APLImpl.java::206::Thread-2

[LOG] Received ACK for message: 1
|_APLImpl.java::278::Thread-2

[LOG] Received packet from sender ID: 1
|_AplManager.java::173::Thread-2

[LOG] Processing message from destination
|_APLImpl.java::201::Thread-2

[LOG] 1) Received message: ACK, 1}
|_APLImpl.java::206::Thread-2

[LOG] Received ACK for message: 1
|_APLImpl.java::278::Thread-2

[LOG] Received packet from sender ID: 3
|_AplManager.java::173::Thread-2

[LOG] Processing message from destination
|_APLImpl.java::201::Thread-2

[LOG] 3) Received message: ACK, 1}
|_APLImpl.java::206::Thread-2

[LOG] Received ACK for message: 1
|_APLImpl.java::278::Thread-2

[LOG] Received packet from sender ID: 2
|_AplManager.java::173::Thread-2

[LOG] Processing message from destination
|_APLImpl.java::201::Thread-2

[LOG] 2) Received message: ACK, 2}
|_APLImpl.java::206::Thread-2

[LOG] Received ACK for message: 2
|_APLImpl.java::278::Thread-2

[LOG] Received packet from sender ID: 1
|_AplManager.java::173::Thread-2

[LOG] Processing message from destination
|_APLImpl.java::201::Thread-2

[LOG] 1) Received message: ACK, 2}
|_APLImpl.java::206::Thread-2

[LOG] Received ACK for message: 2
|_APLImpl.java::278::Thread-2

[LOG] Received packet from sender ID: 3
|_AplManager.java::173::Thread-2

[LOG] Processing message from destination
|_APLImpl.java::201::Thread-2

[LOG] 3) Received message: ACK, 2}
|_APLImpl.java::206::Thread-2

[LOG] Received ACK for message: 2
|_APLImpl.java::278::Thread-2

[LOG] Received packet from sender ID: 2
|_AplManager.java::173::Thread-2

[LOG] Processing message from destination
|_APLImpl.java::201::Thread-2

[LOG] 2) Received message: DT{Consensus{STATE(s={MRQW=[val=null, ts=0], writeSet={}}, e=0)}}, 1}
|_APLImpl.java::206::Thread-2

[LOG] Sending ACK for message: 1
|_APLImpl.java::361::Thread-2

[LOG] Received consensus message of type: STATE from node: 2
|_ConsensusMessageHandler.java::31::Thread-2

[DEBUG] Work detected in another thread
|_BFTConsensus.java::41::pool-1-thread-2

[LOG] Received packet from sender ID: 1
|_AplManager.java::173::Thread-2

[LOG] Processing message from destination
|_APLImpl.java::201::Thread-2

[LOG] 1) Received message: DT{Consensus{STATE(s={MRQW=[val=null, ts=0], writeSet={}}, e=0)}}, 1}
|_APLImpl.java::206::Thread-2

[LOG] Sending ACK for message: 1
|_APLImpl.java::361::Thread-2

[LOG] Received consensus message of type: STATE from node: 1
|_ConsensusMessageHandler.java::31::Thread-2

[DEBUG] Work detected in another thread
|_BFTConsensus.java::41::pool-1-thread-1

[LOG] Received packet from sender ID: 3
|_AplManager.java::173::Thread-2

[LOG] Processing message from destination
|_APLImpl.java::201::Thread-2

[LOG] 3) Received message: DT{Consensus{STATE(s={MRQW=[val=null, ts=0], writeSet={}}, e=0)}}, 1}
|_APLImpl.java::206::Thread-2

[LOG] Sending ACK for message: 1
|_APLImpl.java::361::Thread-2

[LOG] Received consensus message of type: STATE from node: 3
|_ConsensusMessageHandler.java::31::Thread-2

[DEBUG] Work detected in another thread
|_BFTConsensus.java::41::pool-1-thread-3

[LOG] 2) Timed out
|_EpochConsensus.java::429::pool-1-thread-6

[DEBUG] 1 tasks finished
|_EpochConsensus.java::379::BFT-Consensus-Thread

[LOG] Received packet from sender ID: 2
|_AplManager.java::173::Thread-2

[LOG] Processing message from destination
|_APLImpl.java::201::Thread-2

[LOG] 2) Received message: DT{Consensus{NEWEPOCH(0)}}, 2}
|_APLImpl.java::206::Thread-2

[LOG] Sending ACK for message: 2
|_APLImpl.java::361::Thread-2

[LOG] Received consensus message of type: NEWEPOCH from node: 2
|_ConsensusMessageHandler.java::31::Thread-2

[LOG] 1) Timed out
|_EpochConsensus.java::429::pool-1-thread-5

[DEBUG] 2 tasks finished
|_EpochConsensus.java::379::BFT-Consensus-Thread

[LOG] Received packet from sender ID: 1
|_AplManager.java::173::Thread-2

[LOG] Processing message from destination
|_APLImpl.java::201::Thread-2

[LOG] 1) Received message: DT{Consensus{NEWEPOCH(0)}}, 2}
|_APLImpl.java::206::Thread-2

[LOG] Sending ACK for message: 2
|_APLImpl.java::361::Thread-2

[LOG] Received consensus message of type: NEWEPOCH from node: 1
|_ConsensusMessageHandler.java::31::Thread-2

[LOG] Received packet from sender ID: 2
|_AplManager.java::173::Thread-2

[LOG] Processing message from destination
|_APLImpl.java::201::Thread-2

[LOG] 2) Received message: DT{Consensus{NEWEPOCH(0)}}, 3}
|_APLImpl.java::206::Thread-2

[LOG] Sending ACK for message: 3
|_APLImpl.java::361::Thread-2

[LOG] Received consensus message of type: NEWEPOCH from node: 2
|_ConsensusMessageHandler.java::31::Thread-2

[LOG] 3) Timed out
|_EpochConsensus.java::429::pool-1-thread-7

[LOG] Received packet from sender ID: 2
|_AplManager.java::173::Thread-2

[LOG] Processing message from destination
|_APLImpl.java::201::Thread-2

[DEBUG] 3 tasks finished
|_EpochConsensus.java::379::BFT-Consensus-Thread

[LOG] All tasks finished
|_EpochConsensus.java::391::BFT-Consensus-Thread

[LOG] receive STATEs done
|_EpochConsensus.java::127::BFT-Consensus-Thread

[LOG] 2) Received message: DT{Consensus{NEWEPOCH(0)}}, 4}
|_APLImpl.java::206::Thread-2

[LOG] Sending ACK for message: 4
|_APLImpl.java::361::Thread-2

[LOG] Received consensus message of type: NEWEPOCH from node: 2
|_ConsensusMessageHandler.java::31::Thread-2

[LOG] Received packet from sender ID: 3
|_AplManager.java::173::Thread-2

[LOG] Processing message from destination
|_APLImpl.java::201::Thread-2

[LOG] 3) Received message: DT{Consensus{NEWEPOCH(0)}}, 2}
|_APLImpl.java::206::Thread-2

[LOG] Sending ACK for message: 2
|_APLImpl.java::361::Thread-2

[LOG] Received consensus message of type: NEWEPOCH from node: 3
|_ConsensusMessageHandler.java::31::Thread-2

[LOG] Received packet from sender ID: 1
|_AplManager.java::173::Thread-2

[LOG] Processing message from destination
|_APLImpl.java::201::Thread-2

[LOG] 1) Received message: DT{Consensus{NEWEPOCH(0)}}, 3}
|_APLImpl.java::206::Thread-2

[LOG] Sending ACK for message: 3
|_APLImpl.java::361::Thread-2

[LOG] Received consensus message of type: NEWEPOCH from node: 1
|_ConsensusMessageHandler.java::31::Thread-2

[LOG] Received packet from sender ID: 3
|_AplManager.java::173::Thread-2

[LOG] Processing message from destination
|_APLImpl.java::201::Thread-2

[LOG] 3) Received message: DT{Consensus{NEWEPOCH(0)}}, 3}
|_APLImpl.java::206::Thread-2

[LOG] Sending ACK for message: 3
|_APLImpl.java::361::Thread-2

[LOG] Received consensus message of type: NEWEPOCH from node: 3
|_ConsensusMessageHandler.java::31::Thread-2

[LOG] Received packet from sender ID: 1
|_AplManager.java::173::Thread-2

[LOG] Processing message from destination
|_APLImpl.java::201::Thread-2

[LOG] 1) Received message: DT{Consensus{NEWEPOCH(0)}}, 4}
|_APLImpl.java::206::Thread-2

[LOG] Sending ACK for message: 4
|_APLImpl.java::361::Thread-2

[LOG] Received consensus message of type: NEWEPOCH from node: 1
|_ConsensusMessageHandler.java::31::Thread-2

[LOG] Received packet from sender ID: 3
|_AplManager.java::173::Thread-2

[LOG] Processing message from destination
|_APLImpl.java::201::Thread-2

[LOG] 3) Received message: DT{Consensus{NEWEPOCH(0)}}, 4}
|_APLImpl.java::206::Thread-2

[LOG] Sending ACK for message: 4
|_APLImpl.java::361::Thread-2

[LOG] Received consensus message of type: NEWEPOCH from node: 3
|_ConsensusMessageHandler.java::31::Thread-2

[LOG] Sending to all: COLLECTED
|_EpochConsensus.java::343::BFT-Consensus-Thread

[LOG] Getting or generating secret key
|_APLImpl.java::436::BFT-Consensus-Thread

[LOG] Port: 8081 Next seqnum: 4
|_APLImpl.java::132::BFT-Consensus-Thread

[LOG] 8081) Sending message: 3
|_APLImpl.java::142::BFT-Consensus-Thread

[LOG] Getting or generating secret key
|_APLImpl.java::436::BFT-Consensus-Thread

[LOG] Port: 8082 Next seqnum: 4
|_APLImpl.java::132::BFT-Consensus-Thread

[LOG] 8082) Sending message: 3
|_APLImpl.java::142::BFT-Consensus-Thread

[LOG] Getting or generating secret key
|_APLImpl.java::436::BFT-Consensus-Thread

[LOG] Port: 8083 Next seqnum: 4
|_APLImpl.java::132::BFT-Consensus-Thread

[LOG] 8083) Sending message: 3
|_APLImpl.java::142::BFT-Consensus-Thread

[LOG] send COLLECTEDs done
|_EpochConsensus.java::137::BFT-Consensus-Thread

[DEBUG] Collected states:
|_EpochConsensus.java::162::BFT-Consensus-Thread

{
	0: {MRQW=[val=(a, -1, 1), ts=0], writeSet={}}
	1: null
	2: null
	3: null
}


[LOG] Deciding from collected
|_EpochConsensus.java::217::BFT-Consensus-Thread

[LOG] Broadcasting abort
|_EpochConsensus.java::279::BFT-Consensus-Thread

[LOG] Getting or generating secret key
|_APLImpl.java::436::BFT-Consensus-Thread

[LOG] Port: 8081 Next seqnum: 5
|_APLImpl.java::132::BFT-Consensus-Thread

[LOG] 8081) Sending message: 4
|_APLImpl.java::142::BFT-Consensus-Thread

[LOG] Getting or generating secret key
|_APLImpl.java::436::BFT-Consensus-Thread

[LOG] Port: 8082 Next seqnum: 5
|_APLImpl.java::132::BFT-Consensus-Thread

[LOG] 8082) Sending message: 4
|_APLImpl.java::142::BFT-Consensus-Thread

[LOG] Getting or generating secret key
|_APLImpl.java::436::BFT-Consensus-Thread

[LOG] Port: 8083 Next seqnum: 5
|_APLImpl.java::132::BFT-Consensus-Thread

[LOG] 8083) Sending message: 4
|_APLImpl.java::142::BFT-Consensus-Thread

[LOG] Sending to all: WRITE
|_EpochConsensus.java::343::BFT-Consensus-Thread

[LOG] Getting or generating secret key
|_APLImpl.java::436::BFT-Consensus-Thread

[LOG] Port: 8081 Next seqnum: 6
|_APLImpl.java::132::BFT-Consensus-Thread

[LOG] 8081) Sending message: 5
|_APLImpl.java::142::BFT-Consensus-Thread

[LOG] Getting or generating secret key
|_APLImpl.java::436::BFT-Consensus-Thread

[LOG] Port: 8082 Next seqnum: 6
|_APLImpl.java::132::BFT-Consensus-Thread

[LOG] 8082) Sending message: 5
|_APLImpl.java::142::BFT-Consensus-Thread

[LOG] Getting or generating secret key
|_APLImpl.java::436::BFT-Consensus-Thread

[LOG] Port: 8083 Next seqnum: 6
|_APLImpl.java::132::BFT-Consensus-Thread

[LOG] 8083) Sending message: 5
|_APLImpl.java::142::BFT-Consensus-Thread

[LOG] send WRITEs done
|_EpochConsensus.java::169::BFT-Consensus-Thread

[DEBUG] Task 1 started
|_EpochConsensus.java::369::BFT-Consensus-Thread

[DEBUG] 1) Received STATE message
|_EpochConsensus.java::465::pool-1-thread-8

[DEBUG] 2) Received STATE message
|_EpochConsensus.java::465::pool-1-thread-4

[DEBUG] Task 2 started
|_EpochConsensus.java::369::BFT-Consensus-Thread

[LOG] 2) WRITE expected, got STATE instead
|_EpochConsensus.java::468::pool-1-thread-4

[LOG] 1) WRITE expected, got STATE instead
|_EpochConsensus.java::468::pool-1-thread-8

[LOG] 2) Received new epoch message
|_EpochConsensus.java::544::pool-1-thread-4

[DEBUG] 3) Received STATE message
|_EpochConsensus.java::465::pool-1-thread-2

[DEBUG] Task 3 started
|_EpochConsensus.java::369::BFT-Consensus-Thread

[LOG] 3) WRITE expected, got STATE instead
|_EpochConsensus.java::468::pool-1-thread-2

[LOG] 1) Received new epoch message
|_EpochConsensus.java::544::pool-1-thread-8

[LOG] 3) Received new epoch message
|_EpochConsensus.java::544::pool-1-thread-2

[LOG] Waiting for all tasks to finish
|_EpochConsensus.java::372::BFT-Consensus-Thread

[DEBUG] 1 tasks finished
|_EpochConsensus.java::379::BFT-Consensus-Thread

[DEBUG] Conditiions met to change epoch
|_EpochConsensus.java::329::BFT-Consensus-Thread

[LOG] Aborting
|_EpochConsensus.java::273::BFT-Consensus-Thread

[LOG] Aborted: Aborted signal: Aborted
|_EpochConsensus.java::73::BFT-Consensus-Thread

[DEBUG] Task 1 started
|_EpochConsensus.java::369::BFT-Consensus-Thread

[LOG] 1) Received new epoch message
|_EpochConsensus.java::544::pool-1-thread-1

[LOG] 2) Received new epoch message
|_EpochConsensus.java::544::pool-1-thread-3

[DEBUG] Task 2 started
|_EpochConsensus.java::369::BFT-Consensus-Thread

[DEBUG] Task 3 started
|_EpochConsensus.java::369::BFT-Consensus-Thread

[LOG] 3) Received new epoch message
|_EpochConsensus.java::544::pool-1-thread-6

[LOG] Waiting for all tasks to finish
|_EpochConsensus.java::372::BFT-Consensus-Thread

[DEBUG] 1 tasks finished
|_EpochConsensus.java::379::BFT-Consensus-Thread

[DEBUG] Conditiions met to change epoch
|_EpochConsensus.java::329::BFT-Consensus-Thread

[LOG] Aborting
|_EpochConsensus.java::273::BFT-Consensus-Thread

[LOG] Aborted: Aborted signal: Aborted
|_EpochConsensus.java::79::BFT-Consensus-Thread

[LOG] Starting epoch
|_EpochConsensus.java::103::BFT-Consensus-Thread

[LOG] 1) Received message from past epoch
|_EpochConsensus.java::443::pool-1-thread-5

[LOG] 3) Received message from past epoch
|_EpochConsensus.java::443::pool-1-thread-4

[LOG] 2) Received message from past epoch
|_EpochConsensus.java::443::pool-1-thread-7

[LOG] 1) Timed out
|_EpochConsensus.java::429::pool-1-thread-5

[LOG] 2) Timed out
|_EpochConsensus.java::429::pool-1-thread-7

[LOG] 3) Timed out
|_EpochConsensus.java::429::pool-1-thread-4

[LOG] receive READ done
|_EpochConsensus.java::143::BFT-Consensus-Thread

[LOG] Sending to 1: STATE
|_EpochConsensus.java::354::BFT-Consensus-Thread

[LOG] Getting or generating secret key
|_APLImpl.java::436::BFT-Consensus-Thread

[LOG] Port: 8081 Next seqnum: 7
|_APLImpl.java::132::BFT-Consensus-Thread

[LOG] 8081) Sending message: 6
|_APLImpl.java::142::BFT-Consensus-Thread

[LOG] send STATE done
|_EpochConsensus.java::148::BFT-Consensus-Thread

[LOG] 1) Timed out
|_EpochConsensus.java::429::pool-1-thread-8

[LOG] 2) Timed out
|_EpochConsensus.java::429::pool-1-thread-2

[LOG] 3) Timed out
|_EpochConsensus.java::429::pool-1-thread-1

[LOG] receive COLLECTED done
|_EpochConsensus.java::154::BFT-Consensus-Thread

[LOG] state 1 not found in collected states
|_CollectedStates.java::43::BFT-Consensus-Thread

[LOG] Broadcasting abort
|_EpochConsensus.java::279::BFT-Consensus-Thread

[LOG] Getting or generating secret key
|_APLImpl.java::436::BFT-Consensus-Thread

[LOG] Port: 8081 Next seqnum: 8
|_APLImpl.java::132::BFT-Consensus-Thread

[LOG] 8081) Sending message: 7
|_APLImpl.java::142::BFT-Consensus-Thread

[LOG] Getting or generating secret key
|_APLImpl.java::436::BFT-Consensus-Thread

[LOG] Port: 8082 Next seqnum: 7
|_APLImpl.java::132::BFT-Consensus-Thread

[LOG] 8082) Sending message: 6
|_APLImpl.java::142::BFT-Consensus-Thread

[LOG] Getting or generating secret key
|_APLImpl.java::436::BFT-Consensus-Thread

[LOG] Port: 8083 Next seqnum: 7
|_APLImpl.java::132::BFT-Consensus-Thread

[LOG] 8083) Sending message: 6
|_APLImpl.java::142::BFT-Consensus-Thread

[DEBUG] Collected states:
|_EpochConsensus.java::162::BFT-Consensus-Thread

{
	0: {MRQW=[val=(a, -1, 1), ts=0], writeSet={}}
	1: null
	2: null
	3: null
}


[LOG] Deciding from collected
|_EpochConsensus.java::217::BFT-Consensus-Thread

[LOG] Broadcasting abort
|_EpochConsensus.java::279::BFT-Consensus-Thread

[LOG] Getting or generating secret key
|_APLImpl.java::436::BFT-Consensus-Thread

[LOG] Port: 8081 Next seqnum: 9
|_APLImpl.java::132::BFT-Consensus-Thread

[LOG] 8081) Sending message: 8
|_APLImpl.java::142::BFT-Consensus-Thread

[LOG] Getting or generating secret key
|_APLImpl.java::436::BFT-Consensus-Thread

[LOG] Port: 8082 Next seqnum: 8
|_APLImpl.java::132::BFT-Consensus-Thread

[LOG] 8082) Sending message: 7
|_APLImpl.java::142::BFT-Consensus-Thread

[LOG] Getting or generating secret key
|_APLImpl.java::436::BFT-Consensus-Thread

[LOG] Port: 8083 Next seqnum: 8
|_APLImpl.java::132::BFT-Consensus-Thread

[LOG] 8083) Sending message: 7
|_APLImpl.java::142::BFT-Consensus-Thread

[LOG] Broadcasting abort
|_EpochConsensus.java::279::BFT-Consensus-Thread

[LOG] Getting or generating secret key
|_APLImpl.java::436::BFT-Consensus-Thread

[LOG] Port: 8081 Next seqnum: 10
|_APLImpl.java::132::BFT-Consensus-Thread

[LOG] 8081) Sending message: 9
|_APLImpl.java::142::BFT-Consensus-Thread

[LOG] Getting or generating secret key
|_APLImpl.java::436::BFT-Consensus-Thread

[LOG] Port: 8082 Next seqnum: 9
|_APLImpl.java::132::BFT-Consensus-Thread

[LOG] 8082) Sending message: 8
|_APLImpl.java::142::BFT-Consensus-Thread

[LOG] Getting or generating secret key
|_APLImpl.java::436::BFT-Consensus-Thread

[LOG] Port: 8083 Next seqnum: 9
|_APLImpl.java::132::BFT-Consensus-Thread

[LOG] 8083) Sending message: 8
|_APLImpl.java::142::BFT-Consensus-Thread

[ERROR] Consensus thread failed with exception
|_Node.java::126::BFT-Consensus-Thread

java.lang.NullPointerException: Cannot invoke "pt.tecnico.ulisboa.consensus.ConsensusState.getMostRecentQuorumWritten()" because the return value of "java.util.Map.get(Object)" is null
	at pt.tecnico.ulisboa.consensus.EpochConsensus.decideFromCollected(EpochConsensus.java:265)
	at pt.tecnico.ulisboa.consensus.EpochConsensus.epoch(EpochConsensus.java:166)
	at pt.tecnico.ulisboa.consensus.EpochConsensus.start(EpochConsensus.java:71)
	at pt.tecnico.ulisboa.consensus.BFTConsensus.start(BFTConsensus.java:87)
	at pt.tecnico.ulisboa.Node.lambda$1(Node.java:124)
	at java.base/java.lang.Thread.run(Thread.java:1575)

